#
# There is insufficient memory for the Java Runtime Environment to continue.
# Native memory allocation (malloc) failed to allocate 904576 bytes for Chunk::new
# Possible reasons:
#   The system is out of physical RAM or swap space
#   In 32 bit mode, the process size limit was hit
# Possible solutions:
#   Reduce memory load on the system
#   Increase physical memory or swap space
#   Check if swap backing store is full
#   Use 64 bit Java on a 64 bit OS
#   Decrease Java heap size (-Xmx/-Xms)
#   Decrease number of Java threads
#   Decrease Java thread stack sizes (-Xss)
#   Set larger code cache with -XX:ReservedCodeCacheSize=
# This output file may be truncated or incomplete.
#
#  Out of Memory Error (allocation.cpp:388), pid=20944, tid=9568
#
# JRE version: Java(TM) SE Runtime Environment (8.0_11-b12) (build 1.8.0_11-b12)
# Java VM: Java HotSpot(TM) 64-Bit Server VM (25.11-b03 mixed mode windows-amd64 compressed oops)
# Failed to write core dump. Minidumps are not enabled by default on client versions of Windows
#

---------------  T H R E A D  ---------------

Current thread (0x0000000054d4a800):  JavaThread "C2 CompilerThread0" daemon [_thread_in_native, id=9568, stack(0x00000000560d0000,0x00000000561d0000)]

Stack: [0x00000000560d0000,0x00000000561d0000]
[error occurred during error reporting (printing stack bounds), id 0xc0000005]

Native frames: (J=compiled Java code, j=interpreted, Vv=VM code, C=native code)
V  [jvm.dll+0x308eca]


Current CompileTask:
C2:   9143  951       4       io.IO$$Lambda$1/140435067::accept (9 bytes)


---------------  P R O C E S S  ---------------

Java Threads: ( => current thread )
  0x0000000056528800 JavaThread "Monitor Ctrl-Break" daemon [_thread_in_native, id=11984, stack(0x0000000056b00000,0x0000000056c00000)]
  0x0000000054da5000 JavaThread "Service Thread" daemon [_thread_blocked, id=17604, stack(0x0000000056390000,0x0000000056490000)]
  0x0000000054d4d000 JavaThread "C1 CompilerThread1" daemon [_thread_blocked, id=19684, stack(0x0000000056240000,0x0000000056340000)]
=>0x0000000054d4a800 JavaThread "C2 CompilerThread0" daemon [_thread_in_native, id=9568, stack(0x00000000560d0000,0x00000000561d0000)]
  0x0000000054d49800 JavaThread "Attach Listener" daemon [_thread_blocked, id=19788, stack(0x0000000055f30000,0x0000000056030000)]
  0x0000000054d48000 JavaThread "Signal Dispatcher" daemon [_thread_blocked, id=20964, stack(0x0000000055c80000,0x0000000055d80000)]
  0x0000000054ce4800 JavaThread "Finalizer" daemon [_thread_blocked, id=15456, stack(0x0000000055b40000,0x0000000055c40000)]
  0x0000000054cdf000 JavaThread "Reference Handler" daemon [_thread_blocked, id=20468, stack(0x00000000557d0000,0x00000000558d0000)]
  0x000000000222f000 JavaThread "main" [_thread_in_Java, id=19484, stack(0x0000000002450000,0x0000000002550000)]

Other Threads:
  0x0000000054cdb000 VMThread [stack: 0x0000000055910000,0x0000000055a10000] [id=21108]
  0x0000000056498800 WatcherThread [stack: 0x00000000568d0000,0x00000000569d0000] [id=21476]

VM state:not at safepoint (normal execution)

VM Mutex/Monitor currently owned by a thread: None

Heap:
 PSYoungGen      total 38400K, used 26910K [0x00000000eab00000, 0x00000000ee200000, 0x0000000100000000)
  eden space 34816K, 75% used [0x00000000eab00000,0x00000000ec4bfb60,0x00000000ecd00000)
  from space 3584K, 15% used [0x00000000ecd00000,0x00000000ecd88000,0x00000000ed080000)
  to   space 3584K, 0% used [0x00000000ede80000,0x00000000ede80000,0x00000000ee200000)
 ParOldGen       total 64000K, used 17392K [0x00000000c0000000, 0x00000000c3e80000, 0x00000000eab00000)
  object space 64000K, 27% used [0x00000000c0000000,0x00000000c10fc200,0x00000000c3e80000)
 Metaspace       used 4975K, capacity 5136K, committed 5248K, reserved 1056768K
  class space    used 554K, capacity 590K, committed 640K, reserved 1048576K

Card table byte_map: [0x0000000011be0000,0x0000000011df0000] byte_map_base: 0x00000000115e0000

Marking Bits: (ParMarkBitMap*) 0x00000000690712b0
 Begin Bits: [0x00000000121b0000, 0x00000000131b0000)
 End Bits:   [0x00000000131b0000, 0x00000000141b0000)

Polling page: 0x0000000000150000

CodeCache: size=245760Kb used=3100Kb max_used=3101Kb free=242659Kb
 bounds [0x0000000002820000, 0x0000000002b30000, 0x0000000011820000]
 total_blobs=1231 nmethods=953 adapters=193
 compilation: enabled

Compilation events (10 events):
Event: 8.854 Thread 0x0000000054d4a800 nmethod 949 0x0000000002b06c50 code [0x0000000002b06d80, 0x0000000002b06e38]
Event: 8.854 Thread 0x0000000054d4a800  950       4       sun.misc.FloatingDecimal$BinaryToASCIIBuffer::estimateDecExp (182 bytes)
Event: 8.856 Thread 0x0000000054d4a800 nmethod 950 0x0000000002ae80d0 code [0x0000000002ae8240, 0x0000000002ae8398]
Event: 8.856 Thread 0x0000000054d4a800  951       4       io.IO$$Lambda$1/140435067::accept (9 bytes)
Event: 8.917 Thread 0x0000000054d4d000  962 %     3       Jama.Matrix::times @ 122 (176 bytes)
Event: 8.920 Thread 0x0000000054d4d000 nmethod 962% 0x0000000002b28390 code [0x0000000002b285a0, 0x0000000002b28f08]
Event: 8.920 Thread 0x0000000054d4d000  963       3       Jama.Matrix::times (176 bytes)
Event: 8.921 Thread 0x0000000054d4d000 nmethod 963 0x0000000002b22ad0 code [0x0000000002b22cc0, 0x0000000002b234c8]
Event: 8.942 Thread 0x0000000054d4d000  966       1       Jama.Matrix::getColumnDimension (5 bytes)
Event: 8.942 Thread 0x0000000054d4d000 nmethod 966 0x0000000002adf890 code [0x0000000002adf9e0, 0x0000000002adfaf0]

GC Heap History (10 events):
Event: 5.466 GC heap before
{Heap before GC invocations=17 (full 0):
 PSYoungGen      total 22016K, used 18048K [0x00000000eab00000, 0x00000000ec500000, 0x0000000100000000)
  eden space 17408K, 100% used [0x00000000eab00000,0x00000000ebc00000,0x00000000ebc00000)
  from space 4608K, 13% used [0x00000000ec080000,0x00000000ec120000,0x00000000ec500000)
  to   space 4608K, 0% used [0x00000000ebc00000,0x00000000ebc00000,0x00000000ec080000)
 ParOldGen       total 64000K, used 11664K [0x00000000c0000000, 0x00000000c3e80000, 0x00000000eab00000)
  object space 64000K, 18% used [0x00000000c0000000,0x00000000c0b64200,0x00000000c3e80000)
 Metaspace       used 4943K, capacity 5072K, committed 5248K, reserved 1056768K
  class space    used 552K, capacity 590K, committed 640K, reserved 1048576K
Event: 5.485 GC heap after
Heap after GC invocations=17 (full 0):
 PSYoungGen      total 22016K, used 1088K [0x00000000eab00000, 0x00000000ecb00000, 0x0000000100000000)
  eden space 17408K, 0% used [0x00000000eab00000,0x00000000eab00000,0x00000000ebc00000)
  from space 4608K, 23% used [0x00000000ebc00000,0x00000000ebd10000,0x00000000ec080000)
  to   space 4096K, 0% used [0x00000000ec700000,0x00000000ec700000,0x00000000ecb00000)
 ParOldGen       total 64000K, used 12256K [0x00000000c0000000, 0x00000000c3e80000, 0x00000000eab00000)
  object space 64000K, 19% used [0x00000000c0000000,0x00000000c0bf8200,0x00000000c3e80000)
 Metaspace       used 4943K, capacity 5072K, committed 5248K, reserved 1056768K
  class space    used 552K, capacity 590K, committed 640K, reserved 1048576K
}
Event: 6.177 GC heap before
{Heap before GC invocations=18 (full 0):
 PSYoungGen      total 22016K, used 18496K [0x00000000eab00000, 0x00000000ecb00000, 0x0000000100000000)
  eden space 17408K, 100% used [0x00000000eab00000,0x00000000ebc00000,0x00000000ebc00000)
  from space 4608K, 23% used [0x00000000ebc00000,0x00000000ebd10000,0x00000000ec080000)
  to   space 4096K, 0% used [0x00000000ec700000,0x00000000ec700000,0x00000000ecb00000)
 ParOldGen       total 64000K, used 12256K [0x00000000c0000000, 0x00000000c3e80000, 0x00000000eab00000)
  object space 64000K, 19% used [0x00000000c0000000,0x00000000c0bf8200,0x00000000c3e80000)
 Metaspace       used 4943K, capacity 5072K, committed 5248K, reserved 1056768K
  class space    used 552K, capacity 590K, committed 640K, reserved 1048576K
Event: 6.195 GC heap after
Heap after GC invocations=18 (full 0):
 PSYoungGen      total 28672K, used 1120K [0x00000000eab00000, 0x00000000ecb00000, 0x0000000100000000)
  eden space 24576K, 0% used [0x00000000eab00000,0x00000000eab00000,0x00000000ec300000)
  from space 4096K, 27% used [0x00000000ec700000,0x00000000ec818000,0x00000000ecb00000)
  to   space 4096K, 0% used [0x00000000ec300000,0x00000000ec300000,0x00000000ec700000)
 ParOldGen       total 64000K, used 13296K [0x00000000c0000000, 0x00000000c3e80000, 0x00000000eab00000)
  object space 64000K, 20% used [0x00000000c0000000,0x00000000c0cfc200,0x00000000c3e80000)
 Metaspace       used 4943K, capacity 5072K, committed 5248K, reserved 1056768K
  class space    used 552K, capacity 590K, committed 640K, reserved 1048576K
}
Event: 7.437 GC heap before
{Heap before GC invocations=19 (full 0):
 PSYoungGen      total 28672K, used 25696K [0x00000000eab00000, 0x00000000ecb00000, 0x0000000100000000)
  eden space 24576K, 100% used [0x00000000eab00000,0x00000000ec300000,0x00000000ec300000)
  from space 4096K, 27% used [0x00000000ec700000,0x00000000ec818000,0x00000000ecb00000)
  to   space 4096K, 0% used [0x00000000ec300000,0x00000000ec300000,0x00000000ec700000)
 ParOldGen       total 64000K, used 13296K [0x00000000c0000000, 0x00000000c3e80000, 0x00000000eab00000)
  object space 64000K, 20% used [0x00000000c0000000,0x00000000c0cfc200,0x00000000c3e80000)
 Metaspace       used 4943K, capacity 5072K, committed 5248K, reserved 1056768K
  class space    used 552K, capacity 590K, committed 640K, reserved 1048576K
Event: 7.553 GC heap after
Heap after GC invocations=19 (full 0):
 PSYoungGen      total 28672K, used 1568K [0x00000000eab00000, 0x00000000ed500000, 0x0000000100000000)
  eden space 24576K, 0% used [0x00000000eab00000,0x00000000eab00000,0x00000000ec300000)
  from space 4096K, 38% used [0x00000000ec300000,0x00000000ec488000,0x00000000ec700000)
  to   space 4096K, 0% used [0x00000000ed100000,0x00000000ed100000,0x00000000ed500000)
 ParOldGen       total 64000K, used 14368K [0x00000000c0000000, 0x00000000c3e80000, 0x00000000eab00000)
  object space 64000K, 22% used [0x00000000c0000000,0x00000000c0e08200,0x00000000c3e80000)
 Metaspace       used 4943K, capacity 5072K, committed 5248K, reserved 1056768K
  class space    used 552K, capacity 590K, committed 640K, reserved 1048576K
}
Event: 8.176 GC heap before
{Heap before GC invocations=20 (full 0):
 PSYoungGen      total 28672K, used 26144K [0x00000000eab00000, 0x00000000ed500000, 0x0000000100000000)
  eden space 24576K, 100% used [0x00000000eab00000,0x00000000ec300000,0x00000000ec300000)
  from space 4096K, 38% used [0x00000000ec300000,0x00000000ec488000,0x00000000ec700000)
  to   space 4096K, 0% used [0x00000000ed100000,0x00000000ed100000,0x00000000ed500000)
 ParOldGen       total 64000K, used 14368K [0x00000000c0000000, 0x00000000c3e80000, 0x00000000eab00000)
  object space 64000K, 22% used [0x00000000c0000000,0x00000000c0e08200,0x00000000c3e80000)
 Metaspace       used 4943K, capacity 5072K, committed 5248K, reserved 1056768K
  class space    used 552K, capacity 590K, committed 640K, reserved 1048576K
Event: 8.268 GC heap after
Heap after GC invocations=20 (full 0):
 PSYoungGen      total 37888K, used 1600K [0x00000000eab00000, 0x00000000ed400000, 0x0000000100000000)
  eden space 34816K, 0% used [0x00000000eab00000,0x00000000eab00000,0x00000000ecd00000)
  from space 3072K, 52% used [0x00000000ed100000,0x00000000ed290000,0x00000000ed400000)
  to   space 3584K, 0% used [0x00000000ecd00000,0x00000000ecd00000,0x00000000ed080000)
 ParOldGen       total 64000K, used 15880K [0x00000000c0000000, 0x00000000c3e80000, 0x00000000eab00000)
  object space 64000K, 24% used [0x00000000c0000000,0x00000000c0f82200,0x00000000c3e80000)
 Metaspace       used 4943K, capacity 5072K, committed 5248K, reserved 1056768K
  class space    used 552K, capacity 590K, committed 640K, reserved 1048576K
}
Event: 8.715 GC heap before
{Heap before GC invocations=21 (full 0):
 PSYoungGen      total 37888K, used 36416K [0x00000000eab00000, 0x00000000ed400000, 0x0000000100000000)
  eden space 34816K, 100% used [0x00000000eab00000,0x00000000ecd00000,0x00000000ecd00000)
  from space 3072K, 52% used [0x00000000ed100000,0x00000000ed290000,0x00000000ed400000)
  to   space 3584K, 0% used [0x00000000ecd00000,0x00000000ecd00000,0x00000000ed080000)
 ParOldGen       total 64000K, used 15880K [0x00000000c0000000, 0x00000000c3e80000, 0x00000000eab00000)
  object space 64000K, 24% used [0x00000000c0000000,0x00000000c0f82200,0x00000000c3e80000)
 Metaspace       used 4969K, capacity 5072K, committed 5248K, reserved 1056768K
  class space    used 553K, capacity 590K, committed 640K, reserved 1048576K
Event: 8.761 GC heap after
Heap after GC invocations=21 (full 0):
 PSYoungGen      total 38400K, used 544K [0x00000000eab00000, 0x00000000ee200000, 0x0000000100000000)
  eden space 34816K, 0% used [0x00000000eab00000,0x00000000eab00000,0x00000000ecd00000)
  from space 3584K, 15% used [0x00000000ecd00000,0x00000000ecd88000,0x00000000ed080000)
  to   space 3584K, 0% used [0x00000000ede80000,0x00000000ede80000,0x00000000ee200000)
 ParOldGen       total 64000K, used 17392K [0x00000000c0000000, 0x00000000c3e80000, 0x00000000eab00000)
  object space 64000K, 27% used [0x00000000c0000000,0x00000000c10fc200,0x00000000c3e80000)
 Metaspace       used 4969K, capacity 5072K, committed 5248K, reserved 1056768K
  class space    used 553K, capacity 590K, committed 640K, reserved 1048576K
}

Deoptimization events (5 events):
Event: 3.002 Thread 0x000000000222f000 Uncommon trap: reason=class_check action=maybe_recompile pc=0x0000000002a57274 method=io.UtilFunctions.filterMapByPredicate(Ljava/util/Map;Ljava/util/function/Predicate;)Ljava/util/Map; @ 12
Event: 3.002 Thread 0x000000000222f000 Uncommon trap: reason=class_check action=maybe_recompile pc=0x0000000002a57274 method=io.UtilFunctions.filterMapByPredicate(Ljava/util/Map;Ljava/util/function/Predicate;)Ljava/util/Map; @ 12
Event: 3.002 Thread 0x000000000222f000 Uncommon trap: reason=class_check action=maybe_recompile pc=0x0000000002a57274 method=io.UtilFunctions.filterMapByPredicate(Ljava/util/Map;Ljava/util/function/Predicate;)Ljava/util/Map; @ 12
Event: 3.002 Thread 0x000000000222f000 Uncommon trap: reason=class_check action=maybe_recompile pc=0x0000000002a57274 method=io.UtilFunctions.filterMapByPredicate(Ljava/util/Map;Ljava/util/function/Predicate;)Ljava/util/Map; @ 12
Event: 8.419 Thread 0x000000000222f000 Uncommon trap: reason=bimorphic action=maybe_recompile pc=0x0000000002a4f988 method=java.util.AbstractCollection.isEmpty()Z @ 1

Internal exceptions (10 events):
Event: 1.797 Thread 0x000000000222f000 Exception <a 'java/security/PrivilegedActionException'> (0x00000000ead35630) thrown at [C:\re\workspace\8-2-build-windows-amd64-cygwin\jdk8u11\648\hotspot\src\share\vm\prims\jvm.cpp, line 1248]
Event: 1.812 Thread 0x000000000222f000 Exception <a 'java/security/PrivilegedActionException'> (0x00000000ead392f0) thrown at [C:\re\workspace\8-2-build-windows-amd64-cygwin\jdk8u11\648\hotspot\src\share\vm\prims\jvm.cpp, line 1248]
Event: 1.870 Thread 0x000000000222f000 Exception <a 'java/security/PrivilegedActionException'> (0x00000000ead3be40) thrown at [C:\re\workspace\8-2-build-windows-amd64-cygwin\jdk8u11\648\hotspot\src\share\vm\prims\jvm.cpp, line 1248]
Event: 1.977 Thread 0x000000000222f000 Exception <a 'java/security/PrivilegedActionException'> (0x00000000ead3fde8) thrown at [C:\re\workspace\8-2-build-windows-amd64-cygwin\jdk8u11\648\hotspot\src\share\vm\prims\jvm.cpp, line 1248]
Event: 2.011 Thread 0x000000000222f000 Exception <a 'java/security/PrivilegedActionException'> (0x00000000ead422b8) thrown at [C:\re\workspace\8-2-build-windows-amd64-cygwin\jdk8u11\648\hotspot\src\share\vm\prims\jvm.cpp, line 1248]
Event: 2.039 Thread 0x000000000222f000 Exception <a 'java/security/PrivilegedActionException'> (0x00000000ead44df0) thrown at [C:\re\workspace\8-2-build-windows-amd64-cygwin\jdk8u11\648\hotspot\src\share\vm\prims\jvm.cpp, line 1248]
Event: 2.169 Thread 0x000000000222f000 Exception <a 'java/security/PrivilegedActionException'> (0x00000000eab052e0) thrown at [C:\re\workspace\8-2-build-windows-amd64-cygwin\jdk8u11\648\hotspot\src\share\vm\prims\jvm.cpp, line 1248]
Event: 2.178 Thread 0x000000000222f000 Exception <a 'java/security/PrivilegedActionException'> (0x00000000eab08908) thrown at [C:\re\workspace\8-2-build-windows-amd64-cygwin\jdk8u11\648\hotspot\src\share\vm\prims\jvm.cpp, line 1248]
Event: 2.242 Thread 0x000000000222f000 Exception <a 'java/security/PrivilegedActionException'> (0x00000000eab30998) thrown at [C:\re\workspace\8-2-build-windows-amd64-cygwin\jdk8u11\648\hotspot\src\share\vm\prims\jvm.cpp, line 1248]
Event: 8.921 Thread 0x000000000222f000 Exception <a 'java/security/PrivilegedActionException'> (0x00000000ec25a2c0) thrown at [C:\re\workspace\8-2-build-windows-amd64-cygwin\jdk8u11\648\hotspot\src\share\vm\prims\jvm.cpp, line 1248]

Events (10 events):
Event: 8.269 Executing VM operation: ParallelGCFailedAllocation done
Event: 8.419 Thread 0x000000000222f000 Uncommon trap: trap_request=0xffffffc6 fr.pc=0x0000000002a4f988
Event: 8.419 Thread 0x000000000222f000 DEOPT PACKING pc=0x0000000002a4f988 sp=0x000000000254e800
Event: 8.419 Thread 0x000000000222f000 DEOPT UNPACKING pc=0x00000000028673ef sp=0x000000000254e798 mode 2
Event: 8.421 loading class java/util/LinkedList$ListItr
Event: 8.421 loading class java/util/LinkedList$ListItr done
Event: 8.715 Executing VM operation: ParallelGCFailedAllocation
Event: 8.761 Executing VM operation: ParallelGCFailedAllocation done
Event: 8.920 loading class Jama/LUDecomposition
Event: 8.920 loading class Jama/LUDecomposition done


Dynamic libraries:
0x000000013f560000 - 0x000000013f594000 	C:\Program Files\Java\jdk1.8.0_11\bin\java.exe
0x0000000077620000 - 0x00000000777c9000 	C:\Windows\SYSTEM32\ntdll.dll
0x0000000077400000 - 0x000000007751f000 	C:\Windows\system32\kernel32.dll
0x000007fefc670000 - 0x000007fefc6dc000 	C:\Windows\system32\KERNELBASE.dll
0x000007fefe2d0000 - 0x000007fefe3ab000 	C:\Windows\system32\ADVAPI32.dll
0x000007fefd050000 - 0x000007fefd0ef000 	C:\Windows\system32\msvcrt.dll
0x000007fefd320000 - 0x000007fefd33f000 	C:\Windows\SYSTEM32\sechost.dll
0x000007fefe5e0000 - 0x000007fefe70d000 	C:\Windows\system32\RPCRT4.dll
0x0000000077520000 - 0x000000007761a000 	C:\Windows\system32\USER32.dll
0x000007fefd2b0000 - 0x000007fefd317000 	C:\Windows\system32\GDI32.dll
0x000007fefe710000 - 0x000007fefe71e000 	C:\Windows\system32\LPK.dll
0x000007fefd1e0000 - 0x000007fefd2a9000 	C:\Windows\system32\USP10.dll
0x000007fefaf60000 - 0x000007fefb154000 	C:\Windows\WinSxS\amd64_microsoft.windows.common-controls_6595b64144ccf1df_6.0.7601.17514_none_fa396087175ac9ac\COMCTL32.dll
0x000007fefe240000 - 0x000007fefe2b1000 	C:\Windows\system32\SHLWAPI.dll
0x000007fefd340000 - 0x000007fefd36e000 	C:\Windows\system32\IMM32.DLL
0x000007fefcf40000 - 0x000007fefd049000 	C:\Windows\system32\MSCTF.dll
0x000007fef5a50000 - 0x000007fef5ad9000 	C:\Program Files (x86)\AVG\AVG2015\avghooka.dll
0x0000000073b60000 - 0x0000000073c32000 	C:\Program Files\Java\jdk1.8.0_11\jre\bin\msvcr100.dll
0x00000000688c0000 - 0x00000000690ea000 	C:\Program Files\Java\jdk1.8.0_11\jre\bin\server\jvm.dll
0x000007fef6620000 - 0x000007fef6629000 	C:\Windows\system32\WSOCK32.dll
0x000007fefd190000 - 0x000007fefd1dd000 	C:\Windows\system32\WS2_32.dll
0x000007fefe2c0000 - 0x000007fefe2c8000 	C:\Windows\system32\NSI.dll
0x000007fef9980000 - 0x000007fef99bb000 	C:\Windows\system32\WINMM.dll
0x00000000777f0000 - 0x00000000777f7000 	C:\Windows\system32\PSAPI.DLL
0x0000000074cd0000 - 0x0000000074cdf000 	C:\Program Files\Java\jdk1.8.0_11\jre\bin\verify.dll
0x0000000071f10000 - 0x0000000071f38000 	C:\Program Files\Java\jdk1.8.0_11\jre\bin\java.dll
0x00000000748a0000 - 0x00000000748b6000 	C:\Program Files\Java\jdk1.8.0_11\jre\bin\zip.dll
0x000007fefd370000 - 0x000007fefe0f8000 	C:\Windows\system32\SHELL32.dll
0x000007fefe3d0000 - 0x000007fefe5d3000 	C:\Windows\system32\ole32.dll
0x000007fefc360000 - 0x000007fefc36f000 	C:\Windows\system32\profapi.dll
0x000007feff360000 - 0x000007feff370000 	C:\Program Files (x86)\JetBrains\IntelliJ IDEA Community Edition 14.0.1\bin\breakgen64.dll
0x000000006d330000 - 0x000000006d34a000 	C:\Program Files\Java\jdk1.8.0_11\jre\bin\net.dll
0x000007fefbb40000 - 0x000007fefbb95000 	C:\Windows\system32\mswsock.dll
0x000007fefbb30000 - 0x000007fefbb37000 	C:\Windows\System32\wship6.dll
0x000007fef6820000 - 0x000007fef6945000 	C:\Windows\system32\dbghelp.dll

VM Arguments:
jvm_args: -Didea.launcher.port=7534 -Didea.launcher.bin.path=C:\Program Files (x86)\JetBrains\IntelliJ IDEA Community Edition 14.0.1\bin -Dfile.encoding=UTF-8 
java_command: com.intellij.rt.execution.application.AppMain servicesystem.Main
java_class_path (initial): C:\Program Files\Java\jdk1.8.0_11\jre\lib\charsets.jar;C:\Program Files\Java\jdk1.8.0_11\jre\lib\deploy.jar;C:\Program Files\Java\jdk1.8.0_11\jre\lib\javaws.jar;C:\Program Files\Java\jdk1.8.0_11\jre\lib\jce.jar;C:\Program Files\Java\jdk1.8.0_11\jre\lib\jfr.jar;C:\Program Files\Java\jdk1.8.0_11\jre\lib\jfxswt.jar;C:\Program Files\Java\jdk1.8.0_11\jre\lib\jsse.jar;C:\Program Files\Java\jdk1.8.0_11\jre\lib\management-agent.jar;C:\Program Files\Java\jdk1.8.0_11\jre\lib\plugin.jar;C:\Program Files\Java\jdk1.8.0_11\jre\lib\resources.jar;C:\Program Files\Java\jdk1.8.0_11\jre\lib\rt.jar;C:\Program Files\Java\jdk1.8.0_11\jre\lib\ext\access-bridge-64.jar;C:\Program Files\Java\jdk1.8.0_11\jre\lib\ext\cldrdata.jar;C:\Program Files\Java\jdk1.8.0_11\jre\lib\ext\dnsns.jar;C:\Program Files\Java\jdk1.8.0_11\jre\lib\ext\jaccess.jar;C:\Program Files\Java\jdk1.8.0_11\jre\lib\ext\jfxrt.jar;C:\Program Files\Java\jdk1.8.0_11\jre\lib\ext\localedata.jar;C:\Program Files\Java\jdk1.8.0_11\jre\lib\ext\nashorn.jar;C:\Program Files\Java\jdk1.8.0_11\jre\lib\ext\sunec.jar;C:\Program Files\Java\jdk1.8.0_11\jre\lib\ext\sunjce_provider.jar;C:\Program Files\Java\jdk1.8.0_11\jre\lib\ext\sunmscapi.jar;C:\Program Files\Java\jdk1.8.0_11\jre\lib\ext\sunpkcs11.jar;C:\Program Files\Java\jdk1.8.0_11\jre\lib\ext\zipfs.jar;C:\Users\Spider\IdeaProjects\service-system\out\production\service-system;C:\Users\Spider\Documents\NetBeansProjects\lib\Jama-1.0.3.jar;C:\Users\Spider\.m2\repository\junit\junit\4.11\junit-4.11.jar;C:\Users\Spider\.m2\repository\org\hamcrest\hamcrest-core\1.3\hamcrest-core-1.3.jar;C:\Program Files (x86)\JetBrains\IntelliJ IDEA Community Edition 14.0.1\lib\idea_rt.jar
Launcher Type: SUN_STANDARD

Environment Variables:
JAVA_HOME=C:\Program Files\Java\jdk1.8.0
PATH=C:\Python27\;C:\Python27\Scripts;C:\ProgramData\Oracle\Java\javapath;C:\Program Files\ImageMagick-6.8.0-Q16;C:\Windows\system32;C:\Windows;C:\Windows\System32\Wbem;C:\Windows\System32\WindowsPowerShell\v1.0\;C:\Program Files\WIDCOMM\Bluetooth Software\;C:\Program Files\WIDCOMM\Bluetooth Software\syswow64;C:\Program Files\MiKTeX 2.9\miktex\bin\x64\;C:\Program Files\Java\jdk1.8.0_11\\bin;M2_HOME\bin;C:\Program Files (x86)\gnuplot\bin;C:\Program Files (x86)\QuickTime\QTSystem\;C:\Program Files\Python;C:\Program Files\Python\Tools\scripts\;C:\Program Files\Python\Scripts;C:\Program Files (x86)\GTK2-Runtime\lib;C:\Program Files (x86)\sleuthkit-4.1.3-win32\bin; C:\Program Files\gs\gs9.07\bin; C:\Program Files (x86)\eps2pdf;C:\Program Files (x86)\Git\cmd;C:\Program Files (x86)\Git\bin; C:\cygwin64\bin;C:\apache-maven-3.0.5-bin\apache-maven-3.0.5\\bin
USERNAME=Spider
OS=Windows_NT
PROCESSOR_IDENTIFIER=Intel64 Family 6 Model 23 Stepping 10, GenuineIntel



---------------  S Y S T E M  ---------------

OS: Windows 7 , 64 bit Build 7601 Service Pack 1

CPU:total 2 (2 cores per cpu, 1 threads per core) family 6 model 23 stepping 10, cmov, cx8, fxsr, mmx, sse, sse2, sse3, ssse3, sse4.1, tsc

Memory: 4k page, physical 4193308k(1142520k free), swap 5727452k(5116k free)

vm_info: Java HotSpot(TM) 64-Bit Server VM (25.11-b03) for windows-amd64 JRE (1.8.0_11-b12), built on Jun 16 2014 20:57:32 by "java_re" with MS VC++ 10.0 (VS2010)

time: Thu Mar 12 21:14:21 2015
elapsed time: 9 seconds

